<?xml version="1.0" encoding="UTF-8"?>
<testsuite name="com.fexco.postcode.service.UKServiceTest" tests="1" skipped="0" failures="0" errors="0" timestamp="2017-04-09T17:10:47" hostname="fmendes" time="0.034">
  <properties/>
  <testcase name="testGetAddressUk" classname="com.fexco.postcode.service.UKServiceTest" time="0.034"/>
  <system-out><![CDATA[2017-04-09 14:10:45.879  INFO 11263 --- [    Test worker] .b.t.c.SpringBootTestContextBootstrapper : Neither @ContextConfiguration nor @ContextHierarchy found for test class [com.fexco.postcode.service.UKServiceTest], using SpringBootContextLoader
2017-04-09 14:10:45.880  INFO 11263 --- [    Test worker] o.s.t.c.support.AbstractContextLoader    : Could not detect default resource locations for test class [com.fexco.postcode.service.UKServiceTest]: no resource found for suffixes {-context.xml, Context.groovy}.
2017-04-09 14:10:45.880  INFO 11263 --- [    Test worker] t.c.s.AnnotationConfigContextLoaderUtils : Could not detect default configuration classes for test class [com.fexco.postcode.service.UKServiceTest]: UKServiceTest does not declare any static, non-private, non-final, nested classes annotated with @Configuration.
2017-04-09 14:10:45.884  INFO 11263 --- [    Test worker] .b.t.c.SpringBootTestContextBootstrapper : Found @SpringBootConfiguration com.fexco.postcode.App for test class com.fexco.postcode.service.UKServiceTest
2017-04-09 14:10:45.889  INFO 11263 --- [    Test worker] .b.t.c.SpringBootTestContextBootstrapper : Loaded default TestExecutionListener class names from location [META-INF/spring.factories]: [org.springframework.boot.test.mock.mockito.MockitoTestExecutionListener, org.springframework.boot.test.mock.mockito.ResetMocksTestExecutionListener, org.springframework.boot.test.autoconfigure.AutoConfigureReportTestExecutionListener, org.springframework.boot.test.autoconfigure.restdocs.RestDocsTestExecutionListener, org.springframework.boot.test.autoconfigure.web.client.MockRestServiceServerResetTestExecutionListener, org.springframework.test.context.web.ServletTestExecutionListener, org.springframework.test.context.support.DirtiesContextBeforeModesTestExecutionListener, org.springframework.test.context.support.DependencyInjectionTestExecutionListener, org.springframework.test.context.support.DirtiesContextTestExecutionListener, org.springframework.test.context.transaction.TransactionalTestExecutionListener, org.springframework.test.context.jdbc.SqlScriptsTestExecutionListener]
2017-04-09 14:10:45.889  INFO 11263 --- [    Test worker] .b.t.c.SpringBootTestContextBootstrapper : Could not instantiate TestExecutionListener [org.springframework.test.context.jdbc.SqlScriptsTestExecutionListener]. Specify custom listener classes or make the default listener classes (and their required dependencies) available. Offending class: [org/springframework/transaction/interceptor/TransactionAttribute]
2017-04-09 14:10:45.890  INFO 11263 --- [    Test worker] .b.t.c.SpringBootTestContextBootstrapper : Could not instantiate TestExecutionListener [org.springframework.test.context.transaction.TransactionalTestExecutionListener]. Specify custom listener classes or make the default listener classes (and their required dependencies) available. Offending class: [org/springframework/transaction/TransactionDefinition]
2017-04-09 14:10:45.890  INFO 11263 --- [    Test worker] .b.t.c.SpringBootTestContextBootstrapper : Using TestExecutionListeners: [org.springframework.test.context.web.ServletTestExecutionListener@57a0a1c2, org.springframework.test.context.support.DirtiesContextBeforeModesTestExecutionListener@797b31b1, org.springframework.boot.test.autoconfigure.AutoConfigureReportTestExecutionListener@38be609d, org.springframework.test.context.support.DependencyInjectionTestExecutionListener@caebade, org.springframework.test.context.support.DirtiesContextTestExecutionListener@5ed2a438, org.springframework.boot.test.autoconfigure.restdocs.RestDocsTestExecutionListener@7e84f0ea, org.springframework.boot.test.autoconfigure.web.client.MockRestServiceServerResetTestExecutionListener@35f5cd2f, org.springframework.boot.test.mock.mockito.ResetMocksTestExecutionListener@4cf4e905, org.springframework.boot.test.mock.mockito.MockitoTestExecutionListener@74c67c7]

  .   ____          _            __ _ _
 /\\ / ___'_ __ _ _(_)_ __  __ _ \ \ \ \
( ( )\___ | '_ | '_| | '_ \/ _` | \ \ \ \
 \\/  ___)| |_)| | | | | || (_| |  ) ) ) )
  '  |____| .__|_| |_|_| |_\__, | / / / /
 =========|_|==============|___/=/_/_/_/
 :: Spring Boot ::        (v1.4.0.RELEASE)

2017-04-09 14:10:45.926  INFO 11263 --- [    Test worker] c.fexco.postcode.service.UKServiceTest   : Starting UKServiceTest on fmendes with PID 11263 (started by flavio in /home/flavio/dev/postcode-search)
2017-04-09 14:10:45.929  INFO 11263 --- [    Test worker] c.fexco.postcode.service.UKServiceTest   : No active profile set, falling back to default profiles: default
2017-04-09 14:10:45.932  INFO 11263 --- [    Test worker] o.s.w.c.s.GenericWebApplicationContext   : Refreshing org.springframework.web.context.support.GenericWebApplicationContext@73c8d2a1: startup date [Sun Apr 09 14:10:45 BRT 2017]; root of context hierarchy
2017-04-09 14:10:46.211  INFO 11263 --- [    Test worker] o.s.b.f.s.DefaultListableBeanFactory     : Overriding bean definition for bean 'UKRestConsumer' with a different definition: replacing [Generic bean: class [com.fexco.postcode.consumer.UKRestConsumer]; scope=singleton; abstract=false; lazyInit=false; autowireMode=0; dependencyCheck=0; autowireCandidate=true; primary=false; factoryBeanName=null; factoryMethodName=null; initMethodName=null; destroyMethodName=null; defined in file [/home/flavio/dev/postcode-search/build/classes/main/com/fexco/postcode/consumer/UKRestConsumer.class]] with [Root bean: class [com.fexco.postcode.consumer.UKRestConsumer]; scope=; abstract=false; lazyInit=false; autowireMode=0; dependencyCheck=0; autowireCandidate=true; primary=false; factoryBeanName=org.springframework.boot.test.mock.mockito.MockitoPostProcessor; factoryMethodName=createMock; initMethodName=null; destroyMethodName=null]
2017-04-09 14:10:46.212  INFO 11263 --- [    Test worker] o.s.b.f.s.DefaultListableBeanFactory     : Overriding bean definition for bean 'restTemplate' with a different definition: replacing [Root bean: class [null]; scope=; abstract=false; lazyInit=false; autowireMode=3; dependencyCheck=0; autowireCandidate=true; primary=false; factoryBeanName=appConfiguration; factoryMethodName=getRestTemplate; initMethodName=null; destroyMethodName=(inferred); defined in class path resource [com/fexco/postcode/AppConfiguration.class]] with [Root bean: class [org.springframework.web.client.RestTemplate]; scope=; abstract=false; lazyInit=false; autowireMode=0; dependencyCheck=0; autowireCandidate=true; primary=false; factoryBeanName=org.springframework.boot.test.mock.mockito.MockitoPostProcessor; factoryMethodName=createMock; initMethodName=null; destroyMethodName=null]
2017-04-09 14:10:46.231  INFO 11263 --- [    Test worker] trationDelegate$BeanPostProcessorChecker : Bean 'org.springframework.cache.annotation.ProxyCachingConfiguration' of type [class org.springframework.cache.annotation.ProxyCachingConfiguration$$EnhancerBySpringCGLIB$$b9caf450] is not eligible for getting processed by all BeanPostProcessors (for example: not eligible for auto-proxying)
2017-04-09 14:10:46.236  INFO 11263 --- [    Test worker] trationDelegate$BeanPostProcessorChecker : Bean 'org.springframework.boot.autoconfigure.cache.CacheAutoConfiguration' of type [class org.springframework.boot.autoconfigure.cache.CacheAutoConfiguration$$EnhancerBySpringCGLIB$$ae3eb8f4] is not eligible for getting processed by all BeanPostProcessors (for example: not eligible for auto-proxying)
2017-04-09 14:10:46.251  INFO 11263 --- [    Test worker] trationDelegate$BeanPostProcessorChecker : Bean 'spring.cache-org.springframework.boot.autoconfigure.cache.CacheProperties' of type [class org.springframework.boot.autoconfigure.cache.CacheProperties] is not eligible for getting processed by all BeanPostProcessors (for example: not eligible for auto-proxying)
2017-04-09 14:10:46.255  INFO 11263 --- [    Test worker] trationDelegate$BeanPostProcessorChecker : Bean 'org.springframework.boot.autoconfigure.cache.CacheManagerCustomizers' of type [class org.springframework.boot.autoconfigure.cache.CacheManagerCustomizers] is not eligible for getting processed by all BeanPostProcessors (for example: not eligible for auto-proxying)
2017-04-09 14:10:46.259  INFO 11263 --- [    Test worker] trationDelegate$BeanPostProcessorChecker : Bean 'org.springframework.boot.autoconfigure.cache.InfinispanCacheConfiguration' of type [class org.springframework.boot.autoconfigure.cache.InfinispanCacheConfiguration$$EnhancerBySpringCGLIB$$2b98e3f0] is not eligible for getting processed by all BeanPostProcessors (for example: not eligible for auto-proxying)
2017-04-09 14:10:46.285  INFO 11263 --- [    Test worker] trationDelegate$BeanPostProcessorChecker : Bean 'infinispanCacheManager' of type [class org.infinispan.manager.DefaultCacheManager] is not eligible for getting processed by all BeanPostProcessors (for example: not eligible for auto-proxying)
2017-04-09 14:10:46.289  INFO 11263 --- [    Test worker] trationDelegate$BeanPostProcessorChecker : Bean 'cacheManager' of type [class org.infinispan.spring.provider.SpringEmbeddedCacheManager] is not eligible for getting processed by all BeanPostProcessors (for example: not eligible for auto-proxying)
2017-04-09 14:10:46.290  INFO 11263 --- [    Test worker] trationDelegate$BeanPostProcessorChecker : Bean 'cacheAutoConfigurationValidator' of type [class org.springframework.boot.autoconfigure.cache.CacheAutoConfiguration$CacheManagerValidator] is not eligible for getting processed by all BeanPostProcessors (for example: not eligible for auto-proxying)
2017-04-09 14:10:46.759  INFO 11263 --- [    Test worker] s.w.s.m.m.a.RequestMappingHandlerAdapter : Looking for @ControllerAdvice: org.springframework.web.context.support.GenericWebApplicationContext@73c8d2a1: startup date [Sun Apr 09 14:10:45 BRT 2017]; root of context hierarchy
2017-04-09 14:10:46.782  INFO 11263 --- [    Test worker] s.w.s.m.m.a.RequestMappingHandlerMapping : Mapped "{[/address/ie/{query}],methods=[GET]}" onto public org.springframework.http.ResponseEntity<?> com.fexco.postcode.controller.EircodeController.getAddressIe(java.lang.String,java.util.Map<java.lang.String, java.lang.String>)
2017-04-09 14:10:46.783  INFO 11263 --- [    Test worker] s.w.s.m.m.a.RequestMappingHandlerMapping : Mapped "{[/addressgeo/ie/{query}],methods=[GET]}" onto public org.springframework.http.ResponseEntity<?> com.fexco.postcode.controller.EircodeController.getAddressGeo(java.lang.String,java.util.Map<java.lang.String, java.lang.String>)
2017-04-09 14:10:46.783  INFO 11263 --- [    Test worker] s.w.s.m.m.a.RequestMappingHandlerMapping : Mapped "{[/position/ie/{query}],methods=[GET]}" onto public org.springframework.http.ResponseEntity<?> com.fexco.postcode.controller.EircodeController.getPositionIe(java.lang.String,java.util.Map<java.lang.String, java.lang.String>)
2017-04-09 14:10:46.783  INFO 11263 --- [    Test worker] s.w.s.m.m.a.RequestMappingHandlerMapping : Mapped "{[/rgeo/ie/{lat}/{lon}],methods=[GET]}" onto public org.springframework.http.ResponseEntity<?> com.fexco.postcode.controller.EircodeController.getRgeoIe(double,double,java.util.Map<java.lang.String, java.lang.String>)
2017-04-09 14:10:46.784  INFO 11263 --- [    Test worker] s.w.s.m.m.a.RequestMappingHandlerMapping : Mapped "{[/address/uk/{query}],methods=[GET]}" onto public org.springframework.http.ResponseEntity<?> com.fexco.postcode.controller.UKController.getAddressUk(java.lang.String,java.util.Map<java.lang.String, java.lang.String>)
2017-04-09 14:10:46.786  INFO 11263 --- [    Test worker] s.w.s.m.m.a.RequestMappingHandlerMapping : Mapped "{[/error],produces=[text/html]}" onto public org.springframework.web.servlet.ModelAndView org.springframework.boot.autoconfigure.web.BasicErrorController.errorHtml(javax.servlet.http.HttpServletRequest,javax.servlet.http.HttpServletResponse)
2017-04-09 14:10:46.787  INFO 11263 --- [    Test worker] s.w.s.m.m.a.RequestMappingHandlerMapping : Mapped "{[/error]}" onto public org.springframework.http.ResponseEntity<java.util.Map<java.lang.String, java.lang.Object>> org.springframework.boot.autoconfigure.web.BasicErrorController.error(javax.servlet.http.HttpServletRequest)
2017-04-09 14:10:46.800  INFO 11263 --- [    Test worker] o.s.w.s.c.a.WebMvcConfigurerAdapter      : Adding welcome page: ServletContext resource [/index.html]
2017-04-09 14:10:46.809  INFO 11263 --- [    Test worker] o.s.w.s.handler.SimpleUrlHandlerMapping  : Root mapping to handler of type [class org.springframework.web.servlet.mvc.ParameterizableViewController]
2017-04-09 14:10:46.830  INFO 11263 --- [    Test worker] o.s.w.s.handler.SimpleUrlHandlerMapping  : Mapped URL path [/webjars/**] onto handler of type [class org.springframework.web.servlet.resource.ResourceHttpRequestHandler]
2017-04-09 14:10:46.830  INFO 11263 --- [    Test worker] o.s.w.s.handler.SimpleUrlHandlerMapping  : Mapped URL path [/**] onto handler of type [class org.springframework.web.servlet.resource.ResourceHttpRequestHandler]
2017-04-09 14:10:46.874  INFO 11263 --- [    Test worker] o.s.w.s.handler.SimpleUrlHandlerMapping  : Mapped URL path [/**/favicon.ico] onto handler of type [class org.springframework.web.servlet.resource.ResourceHttpRequestHandler]
2017-04-09 14:10:47.018  INFO 11263 --- [    Test worker] c.fexco.postcode.service.UKServiceTest   : Started UKServiceTest in 1.122 seconds (JVM running for 6.162)
]]></system-out>
  <system-err><![CDATA[]]></system-err>
</testsuite>
