<?xml version="1.0" encoding="UTF-8"?>
<testsuite name="com.fexco.postcode.controller.UKControllerTest" tests="2" skipped="0" failures="0" errors="0" timestamp="2017-04-09T17:10:48" hostname="fmendes" time="0.187">
  <properties/>
  <testcase name="testAddressUK" classname="com.fexco.postcode.controller.UKControllerTest" time="0.131"/>
  <testcase name="testAddressUKWithParams" classname="com.fexco.postcode.controller.UKControllerTest" time="0.055"/>
  <system-out><![CDATA[2017-04-09 14:10:47.059  INFO 11263 --- [    Test worker] .b.t.c.SpringBootTestContextBootstrapper : Neither @ContextConfiguration nor @ContextHierarchy found for test class [com.fexco.postcode.controller.UKControllerTest], using SpringBootContextLoader
2017-04-09 14:10:47.060  INFO 11263 --- [    Test worker] o.s.t.c.support.AbstractContextLoader    : Could not detect default resource locations for test class [com.fexco.postcode.controller.UKControllerTest]: no resource found for suffixes {-context.xml, Context.groovy}.
2017-04-09 14:10:47.060  INFO 11263 --- [    Test worker] t.c.s.AnnotationConfigContextLoaderUtils : Could not detect default configuration classes for test class [com.fexco.postcode.controller.UKControllerTest]: UKControllerTest does not declare any static, non-private, non-final, nested classes annotated with @Configuration.
2017-04-09 14:10:47.069  INFO 11263 --- [    Test worker] .b.t.c.SpringBootTestContextBootstrapper : Found @SpringBootConfiguration com.fexco.postcode.App for test class com.fexco.postcode.controller.UKControllerTest
2017-04-09 14:10:47.071  INFO 11263 --- [    Test worker] .b.t.c.SpringBootTestContextBootstrapper : Loaded default TestExecutionListener class names from location [META-INF/spring.factories]: [org.springframework.boot.test.mock.mockito.MockitoTestExecutionListener, org.springframework.boot.test.mock.mockito.ResetMocksTestExecutionListener, org.springframework.boot.test.autoconfigure.AutoConfigureReportTestExecutionListener, org.springframework.boot.test.autoconfigure.restdocs.RestDocsTestExecutionListener, org.springframework.boot.test.autoconfigure.web.client.MockRestServiceServerResetTestExecutionListener, org.springframework.test.context.web.ServletTestExecutionListener, org.springframework.test.context.support.DirtiesContextBeforeModesTestExecutionListener, org.springframework.test.context.support.DependencyInjectionTestExecutionListener, org.springframework.test.context.support.DirtiesContextTestExecutionListener, org.springframework.test.context.transaction.TransactionalTestExecutionListener, org.springframework.test.context.jdbc.SqlScriptsTestExecutionListener]
2017-04-09 14:10:47.072  INFO 11263 --- [    Test worker] .b.t.c.SpringBootTestContextBootstrapper : Could not instantiate TestExecutionListener [org.springframework.test.context.jdbc.SqlScriptsTestExecutionListener]. Specify custom listener classes or make the default listener classes (and their required dependencies) available. Offending class: [org/springframework/transaction/interceptor/TransactionAttribute]
2017-04-09 14:10:47.072  INFO 11263 --- [    Test worker] .b.t.c.SpringBootTestContextBootstrapper : Could not instantiate TestExecutionListener [org.springframework.test.context.transaction.TransactionalTestExecutionListener]. Specify custom listener classes or make the default listener classes (and their required dependencies) available. Offending class: [org/springframework/transaction/TransactionDefinition]
2017-04-09 14:10:47.072  INFO 11263 --- [    Test worker] .b.t.c.SpringBootTestContextBootstrapper : Using TestExecutionListeners: [org.springframework.test.context.web.ServletTestExecutionListener@5e0e19c9, org.springframework.test.context.support.DirtiesContextBeforeModesTestExecutionListener@6bf9b536, org.springframework.boot.test.autoconfigure.AutoConfigureReportTestExecutionListener@3f537cb8, org.springframework.test.context.support.DependencyInjectionTestExecutionListener@52c4fbea, org.springframework.test.context.support.DirtiesContextTestExecutionListener@7c2a602a, org.springframework.boot.test.autoconfigure.restdocs.RestDocsTestExecutionListener@5a5c3a9c, org.springframework.boot.test.autoconfigure.web.client.MockRestServiceServerResetTestExecutionListener@7e4e3bd3, org.springframework.boot.test.mock.mockito.ResetMocksTestExecutionListener@b20945b, org.springframework.boot.test.mock.mockito.MockitoTestExecutionListener@24249e25]

  .   ____          _            __ _ _
 /\\ / ___'_ __ _ _(_)_ __  __ _ \ \ \ \
( ( )\___ | '_ | '_| | '_ \/ _` | \ \ \ \
 \\/  ___)| |_)| | | | | || (_| |  ) ) ) )
  '  |____| .__|_| |_|_| |_\__, | / / / /
 =========|_|==============|___/=/_/_/_/
 :: Spring Boot ::        (v1.4.0.RELEASE)

2017-04-09 14:10:47.123  INFO 11263 --- [    Test worker] c.f.p.controller.UKControllerTest        : Starting UKControllerTest on fmendes with PID 11263 (started by flavio in /home/flavio/dev/postcode-search)
2017-04-09 14:10:47.125  INFO 11263 --- [    Test worker] c.f.p.controller.UKControllerTest        : No active profile set, falling back to default profiles: default
2017-04-09 14:10:47.128  INFO 11263 --- [    Test worker] ationConfigEmbeddedWebApplicationContext : Refreshing org.springframework.boot.context.embedded.AnnotationConfigEmbeddedWebApplicationContext@7ef2a2e7: startup date [Sun Apr 09 14:10:47 BRT 2017]; root of context hierarchy
2017-04-09 14:10:47.444  INFO 11263 --- [    Test worker] o.s.b.f.s.DefaultListableBeanFactory     : Overriding bean definition for bean 'UKService' with a different definition: replacing [Generic bean: class [com.fexco.postcode.service.UKService]; scope=singleton; abstract=false; lazyInit=false; autowireMode=0; dependencyCheck=0; autowireCandidate=true; primary=false; factoryBeanName=null; factoryMethodName=null; initMethodName=null; destroyMethodName=null; defined in file [/home/flavio/dev/postcode-search/build/classes/main/com/fexco/postcode/service/UKService.class]] with [Root bean: class [com.fexco.postcode.service.UKService]; scope=; abstract=false; lazyInit=false; autowireMode=0; dependencyCheck=0; autowireCandidate=true; primary=false; factoryBeanName=org.springframework.boot.test.mock.mockito.MockitoPostProcessor; factoryMethodName=createMock; initMethodName=null; destroyMethodName=null]
2017-04-09 14:10:47.466  INFO 11263 --- [    Test worker] trationDelegate$BeanPostProcessorChecker : Bean 'org.springframework.cache.annotation.ProxyCachingConfiguration' of type [class org.springframework.cache.annotation.ProxyCachingConfiguration$$EnhancerBySpringCGLIB$$b9caf450] is not eligible for getting processed by all BeanPostProcessors (for example: not eligible for auto-proxying)
2017-04-09 14:10:47.472  INFO 11263 --- [    Test worker] trationDelegate$BeanPostProcessorChecker : Bean 'org.springframework.boot.autoconfigure.cache.CacheAutoConfiguration' of type [class org.springframework.boot.autoconfigure.cache.CacheAutoConfiguration$$EnhancerBySpringCGLIB$$ae3eb8f4] is not eligible for getting processed by all BeanPostProcessors (for example: not eligible for auto-proxying)
2017-04-09 14:10:47.489  INFO 11263 --- [    Test worker] trationDelegate$BeanPostProcessorChecker : Bean 'spring.cache-org.springframework.boot.autoconfigure.cache.CacheProperties' of type [class org.springframework.boot.autoconfigure.cache.CacheProperties] is not eligible for getting processed by all BeanPostProcessors (for example: not eligible for auto-proxying)
2017-04-09 14:10:47.494  INFO 11263 --- [    Test worker] trationDelegate$BeanPostProcessorChecker : Bean 'org.springframework.boot.autoconfigure.cache.CacheManagerCustomizers' of type [class org.springframework.boot.autoconfigure.cache.CacheManagerCustomizers] is not eligible for getting processed by all BeanPostProcessors (for example: not eligible for auto-proxying)
2017-04-09 14:10:47.498  INFO 11263 --- [    Test worker] trationDelegate$BeanPostProcessorChecker : Bean 'org.springframework.boot.autoconfigure.cache.InfinispanCacheConfiguration' of type [class org.springframework.boot.autoconfigure.cache.InfinispanCacheConfiguration$$EnhancerBySpringCGLIB$$2b98e3f0] is not eligible for getting processed by all BeanPostProcessors (for example: not eligible for auto-proxying)
2017-04-09 14:10:47.520  INFO 11263 --- [    Test worker] trationDelegate$BeanPostProcessorChecker : Bean 'infinispanCacheManager' of type [class org.infinispan.manager.DefaultCacheManager] is not eligible for getting processed by all BeanPostProcessors (for example: not eligible for auto-proxying)
2017-04-09 14:10:47.523  INFO 11263 --- [    Test worker] trationDelegate$BeanPostProcessorChecker : Bean 'cacheManager' of type [class org.infinispan.spring.provider.SpringEmbeddedCacheManager] is not eligible for getting processed by all BeanPostProcessors (for example: not eligible for auto-proxying)
2017-04-09 14:10:47.523  INFO 11263 --- [    Test worker] trationDelegate$BeanPostProcessorChecker : Bean 'cacheAutoConfigurationValidator' of type [class org.springframework.boot.autoconfigure.cache.CacheAutoConfiguration$CacheManagerValidator] is not eligible for getting processed by all BeanPostProcessors (for example: not eligible for auto-proxying)
2017-04-09 14:10:47.735  INFO 11263 --- [    Test worker] s.b.c.e.t.TomcatEmbeddedServletContainer : Tomcat initialized with port(s): 0 (http)
2017-04-09 14:10:47.754  INFO 11263 --- [    Test worker] o.apache.catalina.core.StandardService   : Starting service Tomcat
2017-04-09 14:10:47.756  INFO 11263 --- [    Test worker] org.apache.catalina.core.StandardEngine  : Starting Servlet Engine: Apache Tomcat/8.5.4
2017-04-09 14:10:47.859  INFO 11263 --- [ost-startStop-1] o.a.c.c.C.[Tomcat].[localhost].[/]       : Initializing Spring embedded WebApplicationContext
2017-04-09 14:10:47.860  INFO 11263 --- [ost-startStop-1] o.s.web.context.ContextLoader            : Root WebApplicationContext: initialization completed in 732 ms
2017-04-09 14:10:47.974  INFO 11263 --- [ost-startStop-1] o.s.b.w.servlet.ServletRegistrationBean  : Mapping servlet: 'dispatcherServlet' to [/]
2017-04-09 14:10:47.979  INFO 11263 --- [ost-startStop-1] o.s.b.w.servlet.FilterRegistrationBean   : Mapping filter: 'characterEncodingFilter' to: [/*]
2017-04-09 14:10:47.980  INFO 11263 --- [ost-startStop-1] o.s.b.w.servlet.FilterRegistrationBean   : Mapping filter: 'hiddenHttpMethodFilter' to: [/*]
2017-04-09 14:10:47.980  INFO 11263 --- [ost-startStop-1] o.s.b.w.servlet.FilterRegistrationBean   : Mapping filter: 'httpPutFormContentFilter' to: [/*]
2017-04-09 14:10:47.981  INFO 11263 --- [ost-startStop-1] o.s.b.w.servlet.FilterRegistrationBean   : Mapping filter: 'requestContextFilter' to: [/*]
2017-04-09 14:10:48.371  INFO 11263 --- [    Test worker] s.w.s.m.m.a.RequestMappingHandlerAdapter : Looking for @ControllerAdvice: org.springframework.boot.context.embedded.AnnotationConfigEmbeddedWebApplicationContext@7ef2a2e7: startup date [Sun Apr 09 14:10:47 BRT 2017]; root of context hierarchy
2017-04-09 14:10:48.405  INFO 11263 --- [    Test worker] s.w.s.m.m.a.RequestMappingHandlerMapping : Mapped "{[/address/ie/{query}],methods=[GET]}" onto public org.springframework.http.ResponseEntity<?> com.fexco.postcode.controller.EircodeController.getAddressIe(java.lang.String,java.util.Map<java.lang.String, java.lang.String>)
2017-04-09 14:10:48.406  INFO 11263 --- [    Test worker] s.w.s.m.m.a.RequestMappingHandlerMapping : Mapped "{[/addressgeo/ie/{query}],methods=[GET]}" onto public org.springframework.http.ResponseEntity<?> com.fexco.postcode.controller.EircodeController.getAddressGeo(java.lang.String,java.util.Map<java.lang.String, java.lang.String>)
2017-04-09 14:10:48.406  INFO 11263 --- [    Test worker] s.w.s.m.m.a.RequestMappingHandlerMapping : Mapped "{[/position/ie/{query}],methods=[GET]}" onto public org.springframework.http.ResponseEntity<?> com.fexco.postcode.controller.EircodeController.getPositionIe(java.lang.String,java.util.Map<java.lang.String, java.lang.String>)
2017-04-09 14:10:48.406  INFO 11263 --- [    Test worker] s.w.s.m.m.a.RequestMappingHandlerMapping : Mapped "{[/rgeo/ie/{lat}/{lon}],methods=[GET]}" onto public org.springframework.http.ResponseEntity<?> com.fexco.postcode.controller.EircodeController.getRgeoIe(double,double,java.util.Map<java.lang.String, java.lang.String>)
2017-04-09 14:10:48.407  INFO 11263 --- [    Test worker] s.w.s.m.m.a.RequestMappingHandlerMapping : Mapped "{[/address/uk/{query}],methods=[GET]}" onto public org.springframework.http.ResponseEntity<?> com.fexco.postcode.controller.UKController.getAddressUk(java.lang.String,java.util.Map<java.lang.String, java.lang.String>)
2017-04-09 14:10:48.408  INFO 11263 --- [    Test worker] s.w.s.m.m.a.RequestMappingHandlerMapping : Mapped "{[/error],produces=[text/html]}" onto public org.springframework.web.servlet.ModelAndView org.springframework.boot.autoconfigure.web.BasicErrorController.errorHtml(javax.servlet.http.HttpServletRequest,javax.servlet.http.HttpServletResponse)
2017-04-09 14:10:48.409  INFO 11263 --- [    Test worker] s.w.s.m.m.a.RequestMappingHandlerMapping : Mapped "{[/error]}" onto public org.springframework.http.ResponseEntity<java.util.Map<java.lang.String, java.lang.Object>> org.springframework.boot.autoconfigure.web.BasicErrorController.error(javax.servlet.http.HttpServletRequest)
2017-04-09 14:10:48.427  INFO 11263 --- [    Test worker] o.s.w.s.c.a.WebMvcConfigurerAdapter      : Adding welcome page: class path resource [static/index.html]
2017-04-09 14:10:48.437  INFO 11263 --- [    Test worker] o.s.w.s.handler.SimpleUrlHandlerMapping  : Root mapping to handler of type [class org.springframework.web.servlet.mvc.ParameterizableViewController]
2017-04-09 14:10:48.467  INFO 11263 --- [    Test worker] o.s.w.s.handler.SimpleUrlHandlerMapping  : Mapped URL path [/webjars/**] onto handler of type [class org.springframework.web.servlet.resource.ResourceHttpRequestHandler]
2017-04-09 14:10:48.468  INFO 11263 --- [    Test worker] o.s.w.s.handler.SimpleUrlHandlerMapping  : Mapped URL path [/**] onto handler of type [class org.springframework.web.servlet.resource.ResourceHttpRequestHandler]
2017-04-09 14:10:48.522  INFO 11263 --- [    Test worker] o.s.w.s.handler.SimpleUrlHandlerMapping  : Mapped URL path [/**/favicon.ico] onto handler of type [class org.springframework.web.servlet.resource.ResourceHttpRequestHandler]
2017-04-09 14:10:48.677  INFO 11263 --- [    Test worker] s.b.c.e.t.TomcatEmbeddedServletContainer : Tomcat started on port(s): 42667 (http)
2017-04-09 14:10:48.679  INFO 11263 --- [    Test worker] c.f.p.controller.UKControllerTest        : Started UKControllerTest in 1.602 seconds (JVM running for 7.823)
2017-04-09 14:10:48.761  INFO 11263 --- [o-auto-1-exec-1] o.a.c.c.C.[Tomcat].[localhost].[/]       : Initializing Spring FrameworkServlet 'dispatcherServlet'
2017-04-09 14:10:48.761  INFO 11263 --- [o-auto-1-exec-1] o.s.web.servlet.DispatcherServlet        : FrameworkServlet 'dispatcherServlet': initialization started
2017-04-09 14:10:48.772  INFO 11263 --- [o-auto-1-exec-1] o.s.web.servlet.DispatcherServlet        : FrameworkServlet 'dispatcherServlet': initialization completed in 11 ms
]]></system-out>
  <system-err><![CDATA[]]></system-err>
</testsuite>
