<?xml version="1.0" encoding="UTF-8"?>
<testsuite name="com.fexco.postcode.consumer.EircodeRestConsumerTest" tests="4" skipped="0" failures="0" errors="0" timestamp="2017-04-09T17:10:51" hostname="fmendes" time="0.041">
  <properties/>
  <testcase name="testConsumeAddressIe" classname="com.fexco.postcode.consumer.EircodeRestConsumerTest" time="0.013"/>
  <testcase name="testConsumeRgeoIe" classname="com.fexco.postcode.consumer.EircodeRestConsumerTest" time="0.008"/>
  <testcase name="testConsumeAddressGeo" classname="com.fexco.postcode.consumer.EircodeRestConsumerTest" time="0.007"/>
  <testcase name="testConsumePositionIe" classname="com.fexco.postcode.consumer.EircodeRestConsumerTest" time="0.008"/>
  <system-out><![CDATA[2017-04-09 14:10:51.327  INFO 11263 --- [    Test worker] .b.t.c.SpringBootTestContextBootstrapper : Neither @ContextConfiguration nor @ContextHierarchy found for test class [com.fexco.postcode.consumer.EircodeRestConsumerTest], using SpringBootContextLoader
2017-04-09 14:10:51.328  INFO 11263 --- [    Test worker] o.s.t.c.support.AbstractContextLoader    : Could not detect default resource locations for test class [com.fexco.postcode.consumer.EircodeRestConsumerTest]: no resource found for suffixes {-context.xml, Context.groovy}.
2017-04-09 14:10:51.328  INFO 11263 --- [    Test worker] t.c.s.AnnotationConfigContextLoaderUtils : Could not detect default configuration classes for test class [com.fexco.postcode.consumer.EircodeRestConsumerTest]: EircodeRestConsumerTest does not declare any static, non-private, non-final, nested classes annotated with @Configuration.
2017-04-09 14:10:51.331  INFO 11263 --- [    Test worker] .b.t.c.SpringBootTestContextBootstrapper : Found @SpringBootConfiguration com.fexco.postcode.App for test class com.fexco.postcode.consumer.EircodeRestConsumerTest
2017-04-09 14:10:51.333  INFO 11263 --- [    Test worker] .b.t.c.SpringBootTestContextBootstrapper : Loaded default TestExecutionListener class names from location [META-INF/spring.factories]: [org.springframework.boot.test.mock.mockito.MockitoTestExecutionListener, org.springframework.boot.test.mock.mockito.ResetMocksTestExecutionListener, org.springframework.boot.test.autoconfigure.AutoConfigureReportTestExecutionListener, org.springframework.boot.test.autoconfigure.restdocs.RestDocsTestExecutionListener, org.springframework.boot.test.autoconfigure.web.client.MockRestServiceServerResetTestExecutionListener, org.springframework.test.context.web.ServletTestExecutionListener, org.springframework.test.context.support.DirtiesContextBeforeModesTestExecutionListener, org.springframework.test.context.support.DependencyInjectionTestExecutionListener, org.springframework.test.context.support.DirtiesContextTestExecutionListener, org.springframework.test.context.transaction.TransactionalTestExecutionListener, org.springframework.test.context.jdbc.SqlScriptsTestExecutionListener]
2017-04-09 14:10:51.334  INFO 11263 --- [    Test worker] .b.t.c.SpringBootTestContextBootstrapper : Could not instantiate TestExecutionListener [org.springframework.test.context.jdbc.SqlScriptsTestExecutionListener]. Specify custom listener classes or make the default listener classes (and their required dependencies) available. Offending class: [org/springframework/transaction/interceptor/TransactionAttribute]
2017-04-09 14:10:51.335  INFO 11263 --- [    Test worker] .b.t.c.SpringBootTestContextBootstrapper : Could not instantiate TestExecutionListener [org.springframework.test.context.transaction.TransactionalTestExecutionListener]. Specify custom listener classes or make the default listener classes (and their required dependencies) available. Offending class: [org/springframework/transaction/TransactionDefinition]
2017-04-09 14:10:51.335  INFO 11263 --- [    Test worker] .b.t.c.SpringBootTestContextBootstrapper : Using TestExecutionListeners: [org.springframework.test.context.web.ServletTestExecutionListener@60705168, org.springframework.test.context.support.DirtiesContextBeforeModesTestExecutionListener@7020f5f7, org.springframework.boot.test.autoconfigure.AutoConfigureReportTestExecutionListener@16fb4035, org.springframework.test.context.support.DependencyInjectionTestExecutionListener@32e39762, org.springframework.test.context.support.DirtiesContextTestExecutionListener@50fa6b47, org.springframework.boot.test.autoconfigure.restdocs.RestDocsTestExecutionListener@2782a3e2, org.springframework.boot.test.autoconfigure.web.client.MockRestServiceServerResetTestExecutionListener@6bb4a5cf, org.springframework.boot.test.mock.mockito.ResetMocksTestExecutionListener@4542775c, org.springframework.boot.test.mock.mockito.MockitoTestExecutionListener@46619ce0]
]]></system-out>
  <system-err><![CDATA[]]></system-err>
</testsuite>
